# JRE version: OpenJDK Runtime Environment (8.0_392-b08) (build 1.8.0_392-b08)
# Java VM: OpenJDK 64-Bit Server VM (25.392-b08 mixed mode windows-amd64 compressed oops)
Heap:
 PSYoungGen      total 75264K, used 43309K [0x00000000d5580000, 0x00000000da980000, 0x0000000100000000)
  eden space 64512K, 54% used [0x00000000d5580000,0x00000000d780e660,0x00000000d9480000)
  from space 10752K, 73% used [0x00000000d9480000,0x00000000d9c3cec8,0x00000000d9f00000)
  to   space 10752K, 0% used [0x00000000d9f00000,0x00000000d9f00000,0x00000000da980000)
 ParOldGen       total 104960K, used 7781K [0x0000000080000000, 0x0000000086680000, 0x00000000d5580000)
  object space 104960K, 7% used [0x0000000080000000,0x00000000807996b0,0x0000000086680000)
 Metaspace       used 30732K, capacity 31438K, committed 31616K, reserved 1077248K
  class space    used 4216K, capacity 4430K, committed 4480K, reserved 1048576K
GC Heap History (10 events):
Event: 1.293 GC heap before
{Heap before GC invocations=2 (full 0):
 PSYoungGen      total 75264K, used 70572K [0x00000000d5580000, 0x00000000da980000, 0x0000000100000000)
  eden space 64512K, 100% used [0x00000000d5580000,0x00000000d9480000,0x00000000d9480000)
  from space 10752K, 56% used [0x00000000d9480000,0x00000000d9a6b0c0,0x00000000d9f00000)
  to   space 10752K, 0% used [0x00000000d9f00000,0x00000000d9f00000,0x00000000da980000)
 ParOldGen       total 172032K, used 16K [0x0000000080000000, 0x000000008a800000, 0x00000000d5580000)
  object space 172032K, 0% used [0x0000000080000000,0x0000000080004000,0x000000008a800000)
 Metaspace       used 13966K, capacity 14390K, committed 14720K, reserved 1062912K
  class space    used 1948K, capacity 2083K, committed 2176K, reserved 1048576K
Event: 1.298 GC heap after
Heap after GC invocations=2 (full 0):
 PSYoungGen      total 75264K, used 9124K [0x00000000d5580000, 0x00000000da980000, 0x0000000100000000)
  eden space 64512K, 0% used [0x00000000d5580000,0x00000000d5580000,0x00000000d9480000)
  from space 10752K, 84% used [0x00000000d9f00000,0x00000000da7e91f8,0x00000000da980000)
  to   space 10752K, 0% used [0x00000000d9480000,0x00000000d9480000,0x00000000d9f00000)
 ParOldGen       total 172032K, used 24K [0x0000000080000000, 0x000000008a800000, 0x00000000d5580000)
  object space 172032K, 0% used [0x0000000080000000,0x0000000080006000,0x000000008a800000)
 Metaspace       used 13966K, capacity 14390K, committed 14720K, reserved 1062912K
  class space    used 1948K, capacity 2083K, committed 2176K, reserved 1048576K
}
Event: 2.274 GC heap before
{Heap before GC invocations=3 (full 0):
 PSYoungGen      total 75264K, used 73636K [0x00000000d5580000, 0x00000000da980000, 0x0000000100000000)
  eden space 64512K, 100% used [0x00000000d5580000,0x00000000d9480000,0x00000000d9480000)
  from space 10752K, 84% used [0x00000000d9f00000,0x00000000da7e91f8,0x00000000da980000)
  to   space 10752K, 0% used [0x00000000d9480000,0x00000000d9480000,0x00000000d9f00000)
 ParOldGen       total 172032K, used 24K [0x0000000080000000, 0x000000008a800000, 0x00000000d5580000)
  object space 172032K, 0% used [0x0000000080000000,0x0000000080006000,0x000000008a800000)
 Metaspace       used 19759K, capacity 20334K, committed 20736K, reserved 1067008K
  class space    used 2801K, capacity 2969K, committed 3072K, reserved 1048576K
Event: 2.279 GC heap after
Heap after GC invocations=3 (full 0):
 PSYoungGen      total 75264K, used 10720K [0x00000000d5580000, 0x00000000da980000, 0x0000000100000000)
  eden space 64512K, 0% used [0x00000000d5580000,0x00000000d5580000,0x00000000d9480000)
  from space 10752K, 99% used [0x00000000d9480000,0x00000000d9ef8078,0x00000000d9f00000)
  to   space 10752K, 0% used [0x00000000d9f00000,0x00000000d9f00000,0x00000000da980000)
 ParOldGen       total 172032K, used 1331K [0x0000000080000000, 0x000000008a800000, 0x00000000d5580000)
  object space 172032K, 0% used [0x0000000080000000,0x000000008014cd40,0x000000008a800000)
 Metaspace       used 19759K, capacity 20334K, committed 20736K, reserved 1067008K
  class space    used 2801K, capacity 2969K, committed 3072K, reserved 1048576K
}
Event: 2.511 GC heap before
{Heap before GC invocations=4 (full 0):
 PSYoungGen      total 75264K, used 21286K [0x00000000d5580000, 0x00000000da980000, 0x0000000100000000)
  eden space 64512K, 16% used [0x00000000d5580000,0x00000000d5fd1b30,0x00000000d9480000)
  from space 10752K, 99% used [0x00000000d9480000,0x00000000d9ef8078,0x00000000d9f00000)
  to   space 10752K, 0% used [0x00000000d9f00000,0x00000000d9f00000,0x00000000da980000)
 ParOldGen       total 172032K, used 1331K [0x0000000080000000, 0x000000008a800000, 0x00000000d5580000)
  object space 172032K, 0% used [0x0000000080000000,0x000000008014cd40,0x000000008a800000)
 Metaspace       used 20610K, capacity 21208K, committed 21296K, reserved 1067008K
  class space    used 2942K, capacity 3120K, committed 3200K, reserved 1048576K
Event: 2.514 GC heap after
Heap after GC invocations=4 (full 0):
 PSYoungGen      total 75264K, used 8051K [0x00000000d5580000, 0x00000000da980000, 0x0000000100000000)
  eden space 64512K, 0% used [0x00000000d5580000,0x00000000d5580000,0x00000000d9480000)
  from space 10752K, 74% used [0x00000000d9f00000,0x00000000da6dcf48,0x00000000da980000)
  to   space 10752K, 0% used [0x00000000d9480000,0x00000000d9480000,0x00000000d9f00000)
 ParOldGen       total 172032K, used 1339K [0x0000000080000000, 0x000000008a800000, 0x00000000d5580000)
  object space 172032K, 0% used [0x0000000080000000,0x000000008014ed40,0x000000008a800000)
 Metaspace       used 20610K, capacity 21208K, committed 21296K, reserved 1067008K
  class space    used 2942K, capacity 3120K, committed 3200K, reserved 1048576K
}
Event: 2.514 GC heap before
{Heap before GC invocations=5 (full 1):
 PSYoungGen      total 75264K, used 8051K [0x00000000d5580000, 0x00000000da980000, 0x0000000100000000)
  eden space 64512K, 0% used [0x00000000d5580000,0x00000000d5580000,0x00000000d9480000)
  from space 10752K, 74% used [0x00000000d9f00000,0x00000000da6dcf48,0x00000000da980000)
  to   space 10752K, 0% used [0x00000000d9480000,0x00000000d9480000,0x00000000d9f00000)
 ParOldGen       total 172032K, used 1339K [0x0000000080000000, 0x000000008a800000, 0x00000000d5580000)
  object space 172032K, 0% used [0x0000000080000000,0x000000008014ed40,0x000000008a800000)
 Metaspace       used 20610K, capacity 21208K, committed 21296K, reserved 1067008K
  class space    used 2942K, capacity 3120K, committed 3200K, reserved 1048576K
Event: 2.532 GC heap after
Heap after GC invocations=5 (full 1):
 PSYoungGen      total 75264K, used 0K [0x00000000d5580000, 0x00000000da980000, 0x0000000100000000)
  eden space 64512K, 0% used [0x00000000d5580000,0x00000000d5580000,0x00000000d9480000)
  from space 10752K, 0% used [0x00000000d9f00000,0x00000000d9f00000,0x00000000da980000)
  to   space 10752K, 0% used [0x00000000d9480000,0x00000000d9480000,0x00000000d9f00000)
 ParOldGen       total 104960K, used 7773K [0x0000000080000000, 0x0000000086680000, 0x00000000d5580000)
  object space 104960K, 7% used [0x0000000080000000,0x00000000807976b0,0x0000000086680000)
 Metaspace       used 20610K, capacity 21208K, committed 21296K, reserved 1067008K
  class space    used 2942K, capacity 3120K, committed 3200K, reserved 1048576K
}
Event: 3.352 GC heap before
{Heap before GC invocations=6 (full 1):
 PSYoungGen      total 75264K, used 64512K [0x00000000d5580000, 0x00000000da980000, 0x0000000100000000)
  eden space 64512K, 100% used [0x00000000d5580000,0x00000000d9480000,0x00000000d9480000)
  from space 10752K, 0% used [0x00000000d9f00000,0x00000000d9f00000,0x00000000da980000)
  to   space 10752K, 0% used [0x00000000d9480000,0x00000000d9480000,0x00000000d9f00000)
 ParOldGen       total 104960K, used 7773K [0x0000000080000000, 0x0000000086680000, 0x00000000d5580000)
  object space 104960K, 7% used [0x0000000080000000,0x00000000807976b0,0x0000000086680000)
 Metaspace       used 28080K, capacity 28798K, committed 29056K, reserved 1075200K
  class space    used 3940K, capacity 4130K, committed 4224K, reserved 1048576K
Event: 3.354 GC heap after
Heap after GC invocations=6 (full 1):
 PSYoungGen      total 75264K, used 7923K [0x00000000d5580000, 0x00000000da980000, 0x0000000100000000)
  eden space 64512K, 0% used [0x00000000d5580000,0x00000000d5580000,0x00000000d9480000)
  from space 10752K, 73% used [0x00000000d9480000,0x00000000d9c3cec8,0x00000000d9f00000)
  to   space 10752K, 0% used [0x00000000d9f00000,0x00000000d9f00000,0x00000000da980000)
 ParOldGen       total 104960K, used 7781K [0x0000000080000000, 0x0000000086680000, 0x00000000d5580000)
  object space 104960K, 7% used [0x0000000080000000,0x00000000807996b0,0x0000000086680000)
 Metaspace       used 28080K, capacity 28798K, committed 29056K, reserved 1075200K
  class space    used 3940K, capacity 4130K, committed 4224K, reserved 1048576K
}

